13:43:12.419 [main] WARN  step_definitions.BaseClass - This is a Warn
13:43:12.420 [main] ERROR step_definitions.BaseClass - This is an Error
13:43:12.420 [main] FATAL step_definitions.BaseClass - This is a Fatal
13:43:12.420 [main] INFO  step_definitions.BaseClass - ************* Launching Browser *****************
13:43:14.006 [main] INFO  step_definitions.BaseClass - ************* opened url *****************
13:43:14.007 [main] INFO  step_definitions.BaseClass - ************* enters Email and Password *****************
13:43:14.293 [main] INFO  step_definitions.BaseClass - ************* Click on Login *****************
13:43:15.911 [main] INFO  step_definitions.BaseClass - ************* verify page_title *****************
13:54:35.476 [main] DEBUG step_definitions.BaseClass - This is a Debug
13:54:35.490 [main] INFO  step_definitions.BaseClass - This is an Info
13:54:35.490 [main] WARN  step_definitions.BaseClass - This is a Warn
13:54:35.490 [main] ERROR step_definitions.BaseClass - This is an Error
13:54:35.490 [main] FATAL step_definitions.BaseClass - This is a Fatal
13:54:35.490 [main] INFO  step_definitions.BaseClass - ************* Launching Browser *****************
13:54:37.867 [main] INFO  step_definitions.BaseClass - ************* opened url *****************
13:54:37.871 [main] INFO  step_definitions.BaseClass - ************* enters Email and Password *****************
13:54:38.220 [main] INFO  step_definitions.BaseClass - ************* Click on Login *****************
13:54:42.194 [main] INFO  step_definitions.BaseClass - ************* navigate to view Dashboad *****************
13:54:43.901 [main] INFO  step_definitions.BaseClass - ************* click_on_customers_menu *****************
13:54:46.991 [main] INFO  step_definitions.BaseClass - ************* click_on_customers_menu_item *****************
13:54:51.347 [main] INFO  step_definitions.BaseClass - ************* click_on_add_new_button *****************
13:54:55.673 [main] INFO  step_definitions.BaseClass - ************* view_add_new_customer_page *****************
13:54:55.688 [main] INFO  step_definitions.BaseClass - ************* enter customer info *****************
13:54:59.756 [main] DEBUG step_definitions.BaseClass - This is a Debug
13:54:59.756 [main] INFO  step_definitions.BaseClass - This is an Info
13:54:59.756 [main] WARN  step_definitions.BaseClass - This is a Warn
13:54:59.756 [main] ERROR step_definitions.BaseClass - This is an Error
13:54:59.756 [main] FATAL step_definitions.BaseClass - This is a Fatal
13:54:59.757 [main] INFO  step_definitions.BaseClass - ************* Launching Browser *****************
13:55:01.871 [main] INFO  step_definitions.BaseClass - ************* opened url *****************
13:55:01.873 [main] INFO  step_definitions.BaseClass - ************* enters Email and Password *****************
13:55:02.304 [main] INFO  step_definitions.BaseClass - ************* Click on Login *****************
13:55:04.906 [main] INFO  step_definitions.BaseClass - ************* navigate to view Dashboad *****************
13:55:06.703 [main] INFO  step_definitions.BaseClass - ************* click_on_customers_menu *****************
13:55:09.797 [main] INFO  step_definitions.BaseClass - ************* click_on_customers_menu_item *****************
13:55:13.882 [main] INFO  step_definitions.BaseClass - ************* enter_customer_e_mail *****************
13:55:14.749 [main] INFO  step_definitions.BaseClass - ************* click_on_search_button *****************
13:55:17.874 [main] INFO  step_definitions.BaseClass - ************* verify_email_in_the_search_table *****************
13:55:18.109 [main] INFO  step_definitions.BaseClass - ************* close_browser *****************
14:06:50.203 [main] INFO  step_definitions.BaseClass - ************* Launching Browser *****************
14:07:12.130 [main] INFO  step_definitions.BaseClass - ************* Launching Edge Browser *****************
14:07:12.189 [main] INFO  step_definitions.BaseClass - ************* Launched Browser *****************
14:07:14.928 [main] INFO  step_definitions.BaseClass - ************* opened url *****************
14:07:14.935 [main] INFO  step_definitions.BaseClass - ************* enters Email and Password *****************
14:07:15.298 [main] INFO  step_definitions.BaseClass - ************* Click on Login *****************
14:07:21.587 [main] INFO  step_definitions.BaseClass - ************* navigate to view Dashboad *****************
14:07:23.467 [main] INFO  step_definitions.BaseClass - ************* click_on_customers_menu *****************
14:07:26.705 [main] INFO  step_definitions.BaseClass - ************* click_on_customers_menu_item *****************
14:07:31.611 [main] INFO  step_definitions.BaseClass - ************* click_on_add_new_button *****************
14:07:36.086 [main] INFO  step_definitions.BaseClass - ************* view_add_new_customer_page *****************
14:07:36.098 [main] INFO  step_definitions.BaseClass - ************* enter customer info *****************
14:07:39.230 [main] INFO  step_definitions.BaseClass - ************* Launching Browser *****************
14:07:42.078 [main] INFO  step_definitions.BaseClass - ************* Launching Edge Browser *****************
14:07:42.081 [main] INFO  step_definitions.BaseClass - ************* Launched Browser *****************
14:07:43.397 [main] INFO  step_definitions.BaseClass - ************* opened url *****************
14:07:43.400 [main] INFO  step_definitions.BaseClass - ************* enters Email and Password *****************
14:07:43.822 [main] INFO  step_definitions.BaseClass - ************* Click on Login *****************
14:07:47.142 [main] INFO  step_definitions.BaseClass - ************* navigate to view Dashboad *****************
14:07:47.154 [main] INFO  step_definitions.BaseClass - ************* click_on_customers_menu *****************
14:07:50.268 [main] INFO  step_definitions.BaseClass - ************* click_on_customers_menu_item *****************
14:07:54.317 [main] INFO  step_definitions.BaseClass - ************* enter_customer_e_mail *****************
14:07:55.210 [main] INFO  step_definitions.BaseClass - ************* click_on_search_button *****************
14:07:58.286 [main] INFO  step_definitions.BaseClass - ************* verify_email_in_the_search_table *****************
14:07:58.595 [main] INFO  step_definitions.BaseClass - ************* close_browser *****************
